# JRE version: OpenJDK Runtime Environment (8.0_242-b01) (build 1.8.0_242-release-1644-b01)
# Java VM: OpenJDK 64-Bit Server VM (25.242-b01 mixed mode windows-amd64 compressed oops)
Heap:
 PSYoungGen      total 76288K, used 38707K [0x000000076b100000, 0x0000000770600000, 0x00000007c0000000)
  eden space 65536K, 59% used [0x000000076b100000,0x000000076d6ccf60,0x000000076f100000)
  from space 10752K, 0% used [0x000000076fb80000,0x000000076fb80000,0x0000000770600000)
  to   space 10752K, 0% used [0x000000076f100000,0x000000076f100000,0x000000076fb80000)
 ParOldGen       total 117760K, used 24597K [0x00000006c1200000, 0x00000006c8500000, 0x000000076b100000)
  object space 117760K, 20% used [0x00000006c1200000,0x00000006c2a054f8,0x00000006c8500000)
 Metaspace       used 38420K, capacity 39020K, committed 39256K, reserved 1083392K
  class space    used 4806K, capacity 4985K, committed 4992K, reserved 1048576K
GC Heap History (10 events):
Event: 0.831 GC heap before
{Heap before GC invocations=2 (full 0):
 PSYoungGen      total 76288K, used 35147K [0x000000076b100000, 0x0000000770600000, 0x00000007c0000000)
  eden space 65536K, 37% used [0x000000076b100000,0x000000076c8d4118,0x000000076f100000)
  from space 10752K, 99% used [0x000000076f100000,0x000000076fb7ec58,0x000000076fb80000)
  to   space 10752K, 0% used [0x000000076fb80000,0x000000076fb80000,0x0000000770600000)
 ParOldGen       total 175104K, used 4073K [0x00000006c1200000, 0x00000006cbd00000, 0x000000076b100000)
  object space 175104K, 2% used [0x00000006c1200000,0x00000006c15fa5b8,0x00000006cbd00000)
 Metaspace       used 20698K, capacity 21112K, committed 21248K, reserved 1069056K
  class space    used 2391K, capacity 2522K, committed 2560K, reserved 1048576K
Event: 0.836 GC heap after
Heap after GC invocations=2 (full 0):
 PSYoungGen      total 76288K, used 10729K [0x000000076b100000, 0x0000000770600000, 0x00000007c0000000)
  eden space 65536K, 0% used [0x000000076b100000,0x000000076b100000,0x000000076f100000)
  from space 10752K, 99% used [0x000000076fb80000,0x00000007705fa728,0x0000000770600000)
  to   space 10752K, 0% used [0x000000076f100000,0x000000076f100000,0x000000076fb80000)
 ParOldGen       total 175104K, used 4218K [0x00000006c1200000, 0x00000006cbd00000, 0x000000076b100000)
  object space 175104K, 2% used [0x00000006c1200000,0x00000006c161ebe0,0x00000006cbd00000)
 Metaspace       used 20698K, capacity 21112K, committed 21248K, reserved 1069056K
  class space    used 2391K, capacity 2522K, committed 2560K, reserved 1048576K
}
Event: 0.836 GC heap before
{Heap before GC invocations=3 (full 1):
 PSYoungGen      total 76288K, used 10729K [0x000000076b100000, 0x0000000770600000, 0x00000007c0000000)
  eden space 65536K, 0% used [0x000000076b100000,0x000000076b100000,0x000000076f100000)
  from space 10752K, 99% used [0x000000076fb80000,0x00000007705fa728,0x0000000770600000)
  to   space 10752K, 0% used [0x000000076f100000,0x000000076f100000,0x000000076fb80000)
 ParOldGen       total 175104K, used 4218K [0x00000006c1200000, 0x00000006cbd00000, 0x000000076b100000)
  object space 175104K, 2% used [0x00000006c1200000,0x00000006c161ebe0,0x00000006cbd00000)
 Metaspace       used 20698K, capacity 21112K, committed 21248K, reserved 1069056K
  class space    used 2391K, capacity 2522K, committed 2560K, reserved 1048576K
Event: 0.855 GC heap after
Heap after GC invocations=3 (full 1):
 PSYoungGen      total 76288K, used 0K [0x000000076b100000, 0x0000000770600000, 0x00000007c0000000)
  eden space 65536K, 0% used [0x000000076b100000,0x000000076b100000,0x000000076f100000)
  from space 10752K, 0% used [0x000000076fb80000,0x000000076fb80000,0x0000000770600000)
  to   space 10752K, 0% used [0x000000076f100000,0x000000076f100000,0x000000076fb80000)
 ParOldGen       total 117760K, used 10186K [0x00000006c1200000, 0x00000006c8500000, 0x000000076b100000)
  object space 117760K, 8% used [0x00000006c1200000,0x00000006c1bf28a8,0x00000006c8500000)
 Metaspace       used 20698K, capacity 21112K, committed 21248K, reserved 1069056K
  class space    used 2391K, capacity 2522K, committed 2560K, reserved 1048576K
}
Event: 1.327 GC heap before
{Heap before GC invocations=4 (full 1):
 PSYoungGen      total 76288K, used 65536K [0x000000076b100000, 0x0000000770600000, 0x00000007c0000000)
  eden space 65536K, 100% used [0x000000076b100000,0x000000076f100000,0x000000076f100000)
  from space 10752K, 0% used [0x000000076fb80000,0x000000076fb80000,0x0000000770600000)
  to   space 10752K, 0% used [0x000000076f100000,0x000000076f100000,0x000000076fb80000)
 ParOldGen       total 117760K, used 10186K [0x00000006c1200000, 0x00000006c8500000, 0x000000076b100000)
  object space 117760K, 8% used [0x00000006c1200000,0x00000006c1bf28a8,0x00000006c8500000)
 Metaspace       used 27241K, capacity 27716K, committed 28032K, reserved 1073152K
  class space    used 3183K, capacity 3349K, committed 3456K, reserved 1048576K
Event: 1.333 GC heap after
Heap after GC invocations=4 (full 1):
 PSYoungGen      total 76288K, used 10724K [0x000000076b100000, 0x0000000770600000, 0x00000007c0000000)
  eden space 65536K, 0% used [0x000000076b100000,0x000000076b100000,0x000000076f100000)
  from space 10752K, 99% used [0x000000076f100000,0x000000076fb79170,0x000000076fb80000)
  to   space 10752K, 0% used [0x000000076fb80000,0x000000076fb80000,0x0000000770600000)
 ParOldGen       total 117760K, used 13280K [0x00000006c1200000, 0x00000006c8500000, 0x000000076b100000)
  object space 117760K, 11% used [0x00000006c1200000,0x00000006c1ef8310,0x00000006c8500000)
 Metaspace       used 27241K, capacity 27716K, committed 28032K, reserved 1073152K
  class space    used 3183K, capacity 3349K, committed 3456K, reserved 1048576K
}
Event: 1.669 GC heap before
{Heap before GC invocations=5 (full 1):
 PSYoungGen      total 76288K, used 53634K [0x000000076b100000, 0x0000000770600000, 0x00000007c0000000)
  eden space 65536K, 65% used [0x000000076b100000,0x000000076dae7708,0x000000076f100000)
  from space 10752K, 99% used [0x000000076f100000,0x000000076fb79170,0x000000076fb80000)
  to   space 10752K, 0% used [0x000000076fb80000,0x000000076fb80000,0x0000000770600000)
 ParOldGen       total 117760K, used 13280K [0x00000006c1200000, 0x00000006c8500000, 0x000000076b100000)
  object space 117760K, 11% used [0x00000006c1200000,0x00000006c1ef8310,0x00000006c8500000)
 Metaspace       used 34612K, capacity 35078K, committed 35416K, reserved 1081344K
  class space    used 4360K, capacity 4476K, committed 4480K, reserved 1048576K
Event: 1.676 GC heap after
Heap after GC invocations=5 (full 1):
 PSYoungGen      total 76288K, used 10737K [0x000000076b100000, 0x0000000770600000, 0x00000007c0000000)
  eden space 65536K, 0% used [0x000000076b100000,0x000000076b100000,0x000000076f100000)
  from space 10752K, 99% used [0x000000076fb80000,0x00000007705fc458,0x0000000770600000)
  to   space 10752K, 0% used [0x000000076f100000,0x000000076f100000,0x000000076fb80000)
 ParOldGen       total 117760K, used 21424K [0x00000006c1200000, 0x00000006c8500000, 0x000000076b100000)
  object space 117760K, 18% used [0x00000006c1200000,0x00000006c26ec080,0x00000006c8500000)
 Metaspace       used 34612K, capacity 35078K, committed 35416K, reserved 1081344K
  class space    used 4360K, capacity 4476K, committed 4480K, reserved 1048576K
}
Event: 1.676 GC heap before
{Heap before GC invocations=6 (full 2):
 PSYoungGen      total 76288K, used 10737K [0x000000076b100000, 0x0000000770600000, 0x00000007c0000000)
  eden space 65536K, 0% used [0x000000076b100000,0x000000076b100000,0x000000076f100000)
  from space 10752K, 99% used [0x000000076fb80000,0x00000007705fc458,0x0000000770600000)
  to   space 10752K, 0% used [0x000000076f100000,0x000000076f100000,0x000000076fb80000)
 ParOldGen       total 117760K, used 21424K [0x00000006c1200000, 0x00000006c8500000, 0x000000076b100000)
  object space 117760K, 18% used [0x00000006c1200000,0x00000006c26ec080,0x00000006c8500000)
 Metaspace       used 34612K, capacity 35078K, committed 35416K, reserved 1081344K
  class space    used 4360K, capacity 4476K, committed 4480K, reserved 1048576K
Event: 1.705 GC heap after
Heap after GC invocations=6 (full 2):
 PSYoungGen      total 76288K, used 0K [0x000000076b100000, 0x0000000770600000, 0x00000007c0000000)
  eden space 65536K, 0% used [0x000000076b100000,0x000000076b100000,0x000000076f100000)
  from space 10752K, 0% used [0x000000076fb80000,0x000000076fb80000,0x0000000770600000)
  to   space 10752K, 0% used [0x000000076f100000,0x000000076f100000,0x000000076fb80000)
 ParOldGen       total 117760K, used 24597K [0x00000006c1200000, 0x00000006c8500000, 0x000000076b100000)
  object space 117760K, 20% used [0x00000006c1200000,0x00000006c2a054f8,0x00000006c8500000)
 Metaspace       used 34612K, capacity 35078K, committed 35416K, reserved 1081344K
  class space    used 4360K, capacity 4476K, committed 4480K, reserved 1048576K
}

